<?xml version="1.0" encoding="UTF-8" ?>
<testsuite tests="2" failures="0" name="com.lpro.fbrest.api.OrderTest" time="0.03" errors="0" skipped="0">
  <properties>
    <property name="java.runtime.name" value="Java(TM) SE Runtime Environment"/>
    <property name="sun.boot.library.path" value="/Library/Java/JavaVirtualMachines/jdk1.8.0_144.jdk/Contents/Home/jre/lib"/>
    <property name="java.vm.version" value="25.144-b01"/>
    <property name="gopherProxySet" value="false"/>
    <property name="java.vm.vendor" value="Oracle Corporation"/>
    <property name="maven.multiModuleProjectDirectory" value="/Users/Daniel/git/FoodBack/Server/FoodBack"/>
    <property name="java.vendor.url" value="http://java.oracle.com/"/>
    <property name="path.separator" value=":"/>
    <property name="guice.disable.misplaced.annotation.check" value="true"/>
    <property name="java.vm.name" value="Java HotSpot(TM) 64-Bit Server VM"/>
    <property name="file.encoding.pkg" value="sun.io"/>
    <property name="user.country" value="PT"/>
    <property name="sun.java.launcher" value="SUN_STANDARD"/>
    <property name="sun.os.patch.level" value="unknown"/>
    <property name="java.vm.specification.name" value="Java Virtual Machine Specification"/>
    <property name="user.dir" value="/Users/Daniel/git/FoodBack/Server/FoodBack"/>
    <property name="java.runtime.version" value="1.8.0_144-b01"/>
    <property name="java.awt.graphicsenv" value="sun.awt.CGraphicsEnvironment"/>
    <property name="java.endorsed.dirs" value="/Library/Java/JavaVirtualMachines/jdk1.8.0_144.jdk/Contents/Home/jre/lib/endorsed"/>
    <property name="os.arch" value="x86_64"/>
    <property name="java.io.tmpdir" value="/var/folders/92/sy6mlfbd2cd4jhpcp_l3mrvr0000gn/T/"/>
    <property name="line.separator" value="
"/>
    <property name="java.vm.specification.vendor" value="Oracle Corporation"/>
    <property name="os.name" value="Mac OS X"/>
    <property name="classworlds.conf" value="/Users/Daniel/Documents/eclipse-workspace/.metadata/.plugins/org.eclipse.m2e.launching/launches/m2conf6713750999558617801.tmp"/>
    <property name="sun.jnu.encoding" value="UTF-8"/>
    <property name="java.library.path" value="/Users/Daniel/Library/Java/Extensions:/Library/Java/Extensions:/Network/Library/Java/Extensions:/System/Library/Java/Extensions:/usr/lib/java:."/>
    <property name="java.specification.name" value="Java Platform API Specification"/>
    <property name="java.class.version" value="52.0"/>
    <property name="sun.management.compiler" value="HotSpot 64-Bit Tiered Compilers"/>
    <property name="os.version" value="10.13.2"/>
    <property name="http.nonProxyHosts" value="local|*.local|169.254/16|*.169.254/16|2.2.2.2/32|*.2.2.2.2/32|10.50.0.0/16|*.10.50.0.0/16|10.207.0.0/16|*.10.207.0.0/16|10.227.100.250/31|*.10.227.100.250/31|10.227.100.252/32|*.10.227.100.252/32|10.227.110.0/23|*.10.227.110.0/23|10.227.112.0/20|*.10.227.112.0/20|10.227.250.0/24|*.10.227.250.0/24|10.227.248.0/23|*.10.227.248.0/23|10.227.240.0/21|*.10.227.240.0/21|10.227.224.0/20|*.10.227.224.0/20|10.227.192.0/19|*.10.227.192.0/19|10.227.128.0/18|*.10.227.128.0/18|10.227.251.250/31|*.10.227.251.250/31|10.227.251.252/32|*.10.227.251.252/32|172.16.20.251/32|*.172.16.20.251/32|172.16.20.252/32|*.172.16.20.252/32|172.16.20.254/32|*.172.16.20.254/32|172.20.0.0/16|*.172.20.0.0/16|172.21.50.251/32|*.172.21.50.251/32|172.21.50.252/32|*.172.21.50.252/32|172.24.0.0/16|*.172.24.0.0/16|172.30.0.0/16|*.172.30.0.0/16|192.168.10.3/32|*.192.168.10.3/32|192.168.10.211/32|*.192.168.10.211/32|192.168.11.0/24|*.192.168.11.0/24|192.168.12.0/22|*.192.168.12.0/22|192.168.16.0/20|*.192.168.16.0/20|192.168.32.0/19|*.192.168.32.0/19|192.168.64.0/18|*.192.168.64.0/18|192.168.170.0/24|*.192.168.170.0/24|192.168.168.0/23|*.192.168.168.0/23|192.168.160.0/21|*.192.168.160.0/21|192.168.128.0/19|*.192.168.128.0/19|192.168.177.251/32|*.192.168.177.251/32|192.168.177.252/32|*.192.168.177.252/32|192.168.177.254/32|*.192.168.177.254/32|192.168.194.251/32|*.192.168.194.251/32|192.168.194.252/32|*.192.168.194.252/32|192.168.194.254/32|*.192.168.194.254/32|192.168.195.251/32|*.192.168.195.251/32|192.168.195.252/32|*.192.168.195.252/32|192.168.195.254/32|*.192.168.195.254/32|192.168.249.6/32|*.192.168.249.6/32|192.168.249.4/31|*.192.168.249.4/31|192.168.249.14/32|*.192.168.249.14/32|192.168.249.12/31|*.192.168.249.12/31|192.168.250.0/24|*.192.168.250.0/24|193.128.28.188/32|*.193.128.28.188/32|193.136.25.82/31|*.193.136.25.82/31|193.136.25.84/32|*.193.136.25.84/32|193.136.28.0/24|*.193.136.28.0/24|193.136.29.14/32|*.193.136.29.14/32|193.136.29.12/31|*.193.136.29.12/31|193.136.29.22/32|*.193.136.29.22/32|193.136.29.20/31|*.193.136.29.20/31|193.136.29.30/32|*.193.136.29.30/32|193.136.29.28/31|*.193.136.29.28/31|193.136.29.38/32|*.193.136.29.38/32|193.136.29.36/31|*.193.136.29.36/31|193.136.29.94/32|*.193.136.29.94/32|193.136.29.92/31|*.193.136.29.92/31|193.136.33.252/31|*.193.136.33.252/31|193.136.33.248/30|*.193.136.33.248/30|193.136.33.240/29|*.193.136.33.240/29|193.136.33.224/28|*.193.136.33.224/28|193.136.33.192/27|*.193.136.33.192/27|193.136.33.128/26|*.193.136.33.128/26|193.136.33.0/25|*.193.136.33.0/25|193.136.33.255/32|*.193.136.33.255/32|193.136.37.79/32|*.193.136.37.79/32|193.137.36.190/32|*.193.137.36.190/32|193.137.36.188/31|*.193.137.36.188/31|193.137.51.222/32|*.193.137.51.222/32|193.137.51.220/31|*.193.137.51.220/31|193.137.51.234/32|*.193.137.51.234/32|193.137.51.238/32|*.193.137.51.238/32|213.30.87.178/32|*.213.30.87.178/32|213.30.87.181/32|*.213.30.87.181/32|213.30.87.182/32|*.213.30.87.182/32"/>
    <property name="user.home" value="/Users/Daniel"/>
    <property name="user.timezone" value="Europe/Lisbon"/>
    <property name="java.awt.printerjob" value="sun.lwawt.macosx.CPrinterJob"/>
    <property name="java.specification.version" value="1.8"/>
    <property name="file.encoding" value="UTF-8"/>
    <property name="user.name" value="Daniel"/>
    <property name="java.class.path" value="/Applications/Eclipse.app/Contents/Eclipse/plugins/org.eclipse.m2e.maven.runtime_1.8.2.20171007-0216/jars/plexus-classworlds-2.5.2.jar"/>
    <property name="java.vm.specification.version" value="1.8"/>
    <property name="sun.arch.data.model" value="64"/>
    <property name="java.home" value="/Library/Java/JavaVirtualMachines/jdk1.8.0_144.jdk/Contents/Home/jre"/>
    <property name="sun.java.command" value="org.codehaus.plexus.classworlds.launcher.Launcher -B clean package"/>
    <property name="java.specification.vendor" value="Oracle Corporation"/>
    <property name="user.language" value="pt"/>
    <property name="user.language.format" value="en"/>
    <property name="awt.toolkit" value="sun.lwawt.macosx.LWCToolkit"/>
    <property name="java.vm.info" value="mixed mode"/>
    <property name="java.version" value="1.8.0_144"/>
    <property name="java.ext.dirs" value="/Users/Daniel/Library/Java/Extensions:/Library/Java/JavaVirtualMachines/jdk1.8.0_144.jdk/Contents/Home/jre/lib/ext:/Library/Java/Extensions:/Network/Library/Java/Extensions:/System/Library/Java/Extensions:/usr/lib/java"/>
    <property name="sun.boot.class.path" value="/Library/Java/JavaVirtualMachines/jdk1.8.0_144.jdk/Contents/Home/jre/lib/resources.jar:/Library/Java/JavaVirtualMachines/jdk1.8.0_144.jdk/Contents/Home/jre/lib/rt.jar:/Library/Java/JavaVirtualMachines/jdk1.8.0_144.jdk/Contents/Home/jre/lib/sunrsasign.jar:/Library/Java/JavaVirtualMachines/jdk1.8.0_144.jdk/Contents/Home/jre/lib/jsse.jar:/Library/Java/JavaVirtualMachines/jdk1.8.0_144.jdk/Contents/Home/jre/lib/jce.jar:/Library/Java/JavaVirtualMachines/jdk1.8.0_144.jdk/Contents/Home/jre/lib/charsets.jar:/Library/Java/JavaVirtualMachines/jdk1.8.0_144.jdk/Contents/Home/jre/lib/jfr.jar:/Library/Java/JavaVirtualMachines/jdk1.8.0_144.jdk/Contents/Home/jre/classes"/>
    <property name="java.vendor" value="Oracle Corporation"/>
    <property name="maven.home" value="/Users/Daniel/git/FoodBack/Server/FoodBack/EMBEDDED"/>
    <property name="file.separator" value="/"/>
    <property name="java.vendor.url.bug" value="http://bugreport.sun.com/bugreport/"/>
    <property name="sun.cpu.endian" value="little"/>
    <property name="sun.io.unicode.encoding" value="UnicodeBig"/>
    <property name="socksNonProxyHosts" value="local|*.local|169.254/16|*.169.254/16|2.2.2.2/32|*.2.2.2.2/32|10.50.0.0/16|*.10.50.0.0/16|10.207.0.0/16|*.10.207.0.0/16|10.227.100.250/31|*.10.227.100.250/31|10.227.100.252/32|*.10.227.100.252/32|10.227.110.0/23|*.10.227.110.0/23|10.227.112.0/20|*.10.227.112.0/20|10.227.250.0/24|*.10.227.250.0/24|10.227.248.0/23|*.10.227.248.0/23|10.227.240.0/21|*.10.227.240.0/21|10.227.224.0/20|*.10.227.224.0/20|10.227.192.0/19|*.10.227.192.0/19|10.227.128.0/18|*.10.227.128.0/18|10.227.251.250/31|*.10.227.251.250/31|10.227.251.252/32|*.10.227.251.252/32|172.16.20.251/32|*.172.16.20.251/32|172.16.20.252/32|*.172.16.20.252/32|172.16.20.254/32|*.172.16.20.254/32|172.20.0.0/16|*.172.20.0.0/16|172.21.50.251/32|*.172.21.50.251/32|172.21.50.252/32|*.172.21.50.252/32|172.24.0.0/16|*.172.24.0.0/16|172.30.0.0/16|*.172.30.0.0/16|192.168.10.3/32|*.192.168.10.3/32|192.168.10.211/32|*.192.168.10.211/32|192.168.11.0/24|*.192.168.11.0/24|192.168.12.0/22|*.192.168.12.0/22|192.168.16.0/20|*.192.168.16.0/20|192.168.32.0/19|*.192.168.32.0/19|192.168.64.0/18|*.192.168.64.0/18|192.168.170.0/24|*.192.168.170.0/24|192.168.168.0/23|*.192.168.168.0/23|192.168.160.0/21|*.192.168.160.0/21|192.168.128.0/19|*.192.168.128.0/19|192.168.177.251/32|*.192.168.177.251/32|192.168.177.252/32|*.192.168.177.252/32|192.168.177.254/32|*.192.168.177.254/32|192.168.194.251/32|*.192.168.194.251/32|192.168.194.252/32|*.192.168.194.252/32|192.168.194.254/32|*.192.168.194.254/32|192.168.195.251/32|*.192.168.195.251/32|192.168.195.252/32|*.192.168.195.252/32|192.168.195.254/32|*.192.168.195.254/32|192.168.249.6/32|*.192.168.249.6/32|192.168.249.4/31|*.192.168.249.4/31|192.168.249.14/32|*.192.168.249.14/32|192.168.249.12/31|*.192.168.249.12/31|192.168.250.0/24|*.192.168.250.0/24|193.128.28.188/32|*.193.128.28.188/32|193.136.25.82/31|*.193.136.25.82/31|193.136.25.84/32|*.193.136.25.84/32|193.136.28.0/24|*.193.136.28.0/24|193.136.29.14/32|*.193.136.29.14/32|193.136.29.12/31|*.193.136.29.12/31|193.136.29.22/32|*.193.136.29.22/32|193.136.29.20/31|*.193.136.29.20/31|193.136.29.30/32|*.193.136.29.30/32|193.136.29.28/31|*.193.136.29.28/31|193.136.29.38/32|*.193.136.29.38/32|193.136.29.36/31|*.193.136.29.36/31|193.136.29.94/32|*.193.136.29.94/32|193.136.29.92/31|*.193.136.29.92/31|193.136.33.252/31|*.193.136.33.252/31|193.136.33.248/30|*.193.136.33.248/30|193.136.33.240/29|*.193.136.33.240/29|193.136.33.224/28|*.193.136.33.224/28|193.136.33.192/27|*.193.136.33.192/27|193.136.33.128/26|*.193.136.33.128/26|193.136.33.0/25|*.193.136.33.0/25|193.136.33.255/32|*.193.136.33.255/32|193.136.37.79/32|*.193.136.37.79/32|193.137.36.190/32|*.193.137.36.190/32|193.137.36.188/31|*.193.137.36.188/31|193.137.51.222/32|*.193.137.51.222/32|193.137.51.220/31|*.193.137.51.220/31|193.137.51.234/32|*.193.137.51.234/32|193.137.51.238/32|*.193.137.51.238/32|213.30.87.178/32|*.213.30.87.178/32|213.30.87.181/32|*.213.30.87.181/32|213.30.87.182/32|*.213.30.87.182/32"/>
    <property name="ftp.nonProxyHosts" value="local|*.local|169.254/16|*.169.254/16|2.2.2.2/32|*.2.2.2.2/32|10.50.0.0/16|*.10.50.0.0/16|10.207.0.0/16|*.10.207.0.0/16|10.227.100.250/31|*.10.227.100.250/31|10.227.100.252/32|*.10.227.100.252/32|10.227.110.0/23|*.10.227.110.0/23|10.227.112.0/20|*.10.227.112.0/20|10.227.250.0/24|*.10.227.250.0/24|10.227.248.0/23|*.10.227.248.0/23|10.227.240.0/21|*.10.227.240.0/21|10.227.224.0/20|*.10.227.224.0/20|10.227.192.0/19|*.10.227.192.0/19|10.227.128.0/18|*.10.227.128.0/18|10.227.251.250/31|*.10.227.251.250/31|10.227.251.252/32|*.10.227.251.252/32|172.16.20.251/32|*.172.16.20.251/32|172.16.20.252/32|*.172.16.20.252/32|172.16.20.254/32|*.172.16.20.254/32|172.20.0.0/16|*.172.20.0.0/16|172.21.50.251/32|*.172.21.50.251/32|172.21.50.252/32|*.172.21.50.252/32|172.24.0.0/16|*.172.24.0.0/16|172.30.0.0/16|*.172.30.0.0/16|192.168.10.3/32|*.192.168.10.3/32|192.168.10.211/32|*.192.168.10.211/32|192.168.11.0/24|*.192.168.11.0/24|192.168.12.0/22|*.192.168.12.0/22|192.168.16.0/20|*.192.168.16.0/20|192.168.32.0/19|*.192.168.32.0/19|192.168.64.0/18|*.192.168.64.0/18|192.168.170.0/24|*.192.168.170.0/24|192.168.168.0/23|*.192.168.168.0/23|192.168.160.0/21|*.192.168.160.0/21|192.168.128.0/19|*.192.168.128.0/19|192.168.177.251/32|*.192.168.177.251/32|192.168.177.252/32|*.192.168.177.252/32|192.168.177.254/32|*.192.168.177.254/32|192.168.194.251/32|*.192.168.194.251/32|192.168.194.252/32|*.192.168.194.252/32|192.168.194.254/32|*.192.168.194.254/32|192.168.195.251/32|*.192.168.195.251/32|192.168.195.252/32|*.192.168.195.252/32|192.168.195.254/32|*.192.168.195.254/32|192.168.249.6/32|*.192.168.249.6/32|192.168.249.4/31|*.192.168.249.4/31|192.168.249.14/32|*.192.168.249.14/32|192.168.249.12/31|*.192.168.249.12/31|192.168.250.0/24|*.192.168.250.0/24|193.128.28.188/32|*.193.128.28.188/32|193.136.25.82/31|*.193.136.25.82/31|193.136.25.84/32|*.193.136.25.84/32|193.136.28.0/24|*.193.136.28.0/24|193.136.29.14/32|*.193.136.29.14/32|193.136.29.12/31|*.193.136.29.12/31|193.136.29.22/32|*.193.136.29.22/32|193.136.29.20/31|*.193.136.29.20/31|193.136.29.30/32|*.193.136.29.30/32|193.136.29.28/31|*.193.136.29.28/31|193.136.29.38/32|*.193.136.29.38/32|193.136.29.36/31|*.193.136.29.36/31|193.136.29.94/32|*.193.136.29.94/32|193.136.29.92/31|*.193.136.29.92/31|193.136.33.252/31|*.193.136.33.252/31|193.136.33.248/30|*.193.136.33.248/30|193.136.33.240/29|*.193.136.33.240/29|193.136.33.224/28|*.193.136.33.224/28|193.136.33.192/27|*.193.136.33.192/27|193.136.33.128/26|*.193.136.33.128/26|193.136.33.0/25|*.193.136.33.0/25|193.136.33.255/32|*.193.136.33.255/32|193.136.37.79/32|*.193.136.37.79/32|193.137.36.190/32|*.193.137.36.190/32|193.137.36.188/31|*.193.137.36.188/31|193.137.51.222/32|*.193.137.51.222/32|193.137.51.220/31|*.193.137.51.220/31|193.137.51.234/32|*.193.137.51.234/32|193.137.51.238/32|*.193.137.51.238/32|213.30.87.178/32|*.213.30.87.178/32|213.30.87.181/32|*.213.30.87.181/32|213.30.87.182/32|*.213.30.87.182/32"/>
    <property name="sun.cpu.isalist" value=""/>
  </properties>
  <testcase classname="com.lpro.fbrest.api.OrderTest" name="deserializesFromJSON" time="0.022"/>
  <testcase classname="com.lpro.fbrest.api.OrderTest" name="serializesToJSON" time="0.008"/>
</testsuite>